\BOOKMARK [0][-]{chapter*.2}{\315ndice General}{}% 1
\BOOKMARK [0][-]{chapter*.3}{\315ndice de Tablas}{}% 2
\BOOKMARK [0][-]{chapter*.4}{\315ndice de Figuras}{}% 3
\BOOKMARK [0][-]{chapter*.5}{Introducci\363n}{}% 4
\BOOKMARK [0][-]{chapter.1}{El Problema}{}% 5
\BOOKMARK [1][-]{section.1.1}{Planteamiento y Formulaci\363n}{chapter.1}% 6
\BOOKMARK [1][-]{section.1.2}{Objetivos}{chapter.1}% 7
\BOOKMARK [2][-]{subsection.1.2.1}{Objetivo General}{section.1.2}% 8
\BOOKMARK [2][-]{subsection.1.2.2}{Objetivos Espec\355ficos}{section.1.2}% 9
\BOOKMARK [1][-]{section.1.3}{Justificaci\363n e Importancia}{chapter.1}% 10
\BOOKMARK [1][-]{section.1.4}{Alcance y Limitaciones}{chapter.1}% 11
\BOOKMARK [0][-]{chapter.2}{Fundamentos Te\363ricos}{}% 12
\BOOKMARK [1][-]{section.2.1}{Antecedentes}{chapter.2}% 13
\BOOKMARK [1][-]{section.2.2}{Bases Te\363ricas}{chapter.2}% 14
\BOOKMARK [1][-]{section.2.3}{Definici\363n de T\351rminos}{chapter.2}% 15
\BOOKMARK [0][-]{chapter.3}{Fundamentos Metodol\363gicos}{}% 16
\BOOKMARK [1][-]{section.3.1}{Enfoque de la investigaci\363n}{chapter.3}% 17
\BOOKMARK [1][-]{section.3.2}{Tipo o Nivel de Investigaci\363n}{chapter.3}% 18
\BOOKMARK [1][-]{section.3.3}{Dise\361o de Investigaci\363n}{chapter.3}% 19
\BOOKMARK [1][-]{section.3.4}{Metodolog\355a}{chapter.3}% 20
\BOOKMARK [0][-]{section*.7}{Bibliograf\355a}{}% 21
